[0mCompiling "main.js" from ["src"]...
notifying browser that file changed:  out/goog/deps.js
notifying browser that file changed:  out/cljs_deps.js
notifying browser that file changed:  out/raw_dom/core.js
[32mSuccessfully compiled "main.js" in 0.227 seconds.[0m
[0mCompiling "main.js" from ["src"]...
notifying browser that file changed:  out/raw_dom/core.js
[32mSuccessfully compiled "main.js" in 0.114 seconds.[0m
[0mCompiling "main.js" from ["src"]...
notifying browser that file changed:  out/goog/deps.js
notifying browser that file changed:  out/cljs_deps.js
notifying browser that file changed:  out/jq_project/core.js
[32mSuccessfully compiled "main.js" in 0.335 seconds.[0m
[0mCompiling "main.js" from ["src"]...
notifying browser that file changed:  out/jq_project/core.js
[32mSuccessfully compiled "main.js" in 0.236 seconds.[0m
[0mCompiling "main.js" from ["src"]...
notifying browser that file changed:  out/jq_project/core.js
[32mSuccessfully compiled "main.js" in 0.2 seconds.[0m
[0mCompiling "main.js" from ["src"]...
notifying browser that file changed:  out/jq_project/core.js
[32mSuccessfully compiled "main.js" in 0.196 seconds.[0m
[0mCompiling "main.js" from ["src"]...
notifying browser that file changed:  out/jq_project/core.js
[32mSuccessfully compiled "main.js" in 0.204 seconds.[0m
