[0mCompiling "main.js" from ["src"]...
notifying browser that file changed:  out/goog/deps.js
notifying browser that file changed:  out/cljs_deps.js
notifying browser that file changed:  out/raw_dom/core.js
[32mSuccessfully compiled "main.js" in 0.227 seconds.[0m
[0mCompiling "main.js" from ["src"]...
notifying browser that file changed:  out/raw_dom/core.js
[32mSuccessfully compiled "main.js" in 0.114 seconds.[0m
[0mCompiling "main.js" from ["src"]...
notifying browser that file changed:  out/goog/deps.js
notifying browser that file changed:  out/cljs_deps.js
notifying browser that file changed:  out/raw_dom/core.js
[32mSuccessfully compiled "main.js" in 0.342 seconds.[0m
[0mCompiling "main.js" from ["src"]...
notifying browser that file changed:  out/goog/deps.js
notifying browser that file changed:  out/cljs_deps.js
notifying browser that file changed:  out/raw_goog/core.js
[32mSuccessfully compiled "main.js" in 0.357 seconds.[0m
[0mCompiling "main.js" from ["src"]...
notifying browser that file changed:  out/raw_goog/core.js
[32mSuccessfully compiled "main.js" in 0.19 seconds.[0m
[0mCompiling "main.js" from ["src"]...
notifying browser that file changed:  out/raw_goog/core.js
[32mSuccessfully compiled "main.js" in 0.196 seconds.[0m
[0mCompiling "main.js" from ["src"]...
notifying browser that file changed:  out/raw_goog/core.js
[32mSuccessfully compiled "main.js" in 0.264 seconds.[0m
[0mCompiling "main.js" from ["src"]...
notifying browser that file changed:  out/raw_goog/core.js
[32mSuccessfully compiled "main.js" in 0.215 seconds.[0m
[0mCompiling "main.js" from ["src"]...
notifying browser that file changed:  out/raw_goog/core.js
[32mSuccessfully compiled "main.js" in 0.212 seconds.[0m
